2022-12-14 16:00:54 info: =================================
2022-12-14 16:00:54 info: ======= ENV: development =======
2022-12-14 16:00:54 info: 🚀 App listening on the port 3000
2022-12-14 16:00:54 info: =================================
2022-12-14 16:00:58 info: [0mGET / [32m200[0m 9.733 ms - 2[0m
2022-12-14 16:01:17 info: =================================
2022-12-14 16:01:17 info: ======= ENV: development =======
2022-12-14 16:01:17 info: 🚀 App listening on the port 3000
2022-12-14 16:01:17 info: =================================
2022-12-14 16:02:16 info: =================================
2022-12-14 16:02:16 info: ======= ENV: development =======
2022-12-14 16:02:16 info: 🚀 App listening on the port 3000
2022-12-14 16:02:16 info: =================================
2022-12-14 16:02:33 info: =================================
2022-12-14 16:02:33 info: ======= ENV: development =======
2022-12-14 16:02:33 info: 🚀 App listening on the port 3000
2022-12-14 16:02:33 info: =================================
2022-12-14 16:02:40 info: =================================
2022-12-14 16:02:40 info: ======= ENV: development =======
2022-12-14 16:02:40 info: 🚀 App listening on the port 3000
2022-12-14 16:02:40 info: =================================
2022-12-14 16:02:43 info: =================================
2022-12-14 16:02:43 info: ======= ENV: development =======
2022-12-14 16:02:43 info: 🚀 App listening on the port 3000
2022-12-14 16:02:43 info: =================================
2022-12-14 16:02:51 info: =================================
2022-12-14 16:02:51 info: ======= ENV: development =======
2022-12-14 16:02:51 info: 🚀 App listening on the port 3000
2022-12-14 16:02:51 info: =================================
2022-12-14 16:02:57 info: =================================
2022-12-14 16:02:57 info: ======= ENV: development =======
2022-12-14 16:02:57 info: 🚀 App listening on the port 3000
2022-12-14 16:02:57 info: =================================
2022-12-14 16:03:00 error: [GET] / >> StatusCode:: 500, Message:: connect ECONNREFUSED 127.0.0.1:3306
2022-12-14 16:03:00 info: [0mGET / [31m500[0m 73.795 ms - 49[0m
2022-12-14 16:17:20 info: =================================
2022-12-14 16:17:20 info: ======= ENV: development =======
2022-12-14 16:17:20 info: 🚀 App listening on the port 3000
2022-12-14 16:17:20 info: =================================
2022-12-14 16:17:26 info: [0mGET / [32m200[0m 59.479 ms - 2[0m
2022-12-14 16:17:44 info: =================================
2022-12-14 16:17:44 info: ======= ENV: development =======
2022-12-14 16:17:44 info: 🚀 App listening on the port 3000
2022-12-14 16:17:44 info: =================================
2022-12-14 16:17:45 info: [0mGET / [36m304[0m 36.008 ms - -[0m
2022-12-14 16:17:45 error: [GET] / >> StatusCode:: 500, Message:: Cannot set headers after they are sent to the client
2022-12-14 16:17:46 info: [0mGET / [36m304[0m 3.024 ms - -[0m
2022-12-14 16:17:46 error: [GET] / >> StatusCode:: 500, Message:: Cannot set headers after they are sent to the client
2022-12-14 16:18:10 info: =================================
2022-12-14 16:18:10 info: ======= ENV: development =======
2022-12-14 16:18:10 info: 🚀 App listening on the port 3000
2022-12-14 16:18:10 info: =================================
2022-12-14 16:18:13 info: =================================
2022-12-14 16:18:13 info: ======= ENV: development =======
2022-12-14 16:18:13 info: 🚀 App listening on the port 3000
2022-12-14 16:18:13 info: =================================
2022-12-14 16:18:14 info: =================================
2022-12-14 16:18:14 info: ======= ENV: development =======
2022-12-14 16:18:14 info: 🚀 App listening on the port 3000
2022-12-14 16:18:14 info: =================================
2022-12-14 16:18:16 info: [0mGET / [32m200[0m 41.942 ms - 2[0m
2022-12-14 16:18:29 info: =================================
2022-12-14 16:18:29 info: ======= ENV: development =======
2022-12-14 16:18:29 info: 🚀 App listening on the port 3000
2022-12-14 16:18:29 info: =================================
2022-12-14 16:18:34 info: =================================
2022-12-14 16:18:34 info: ======= ENV: development =======
2022-12-14 16:18:34 info: 🚀 App listening on the port 3000
2022-12-14 16:18:34 info: =================================
2022-12-14 16:18:36 info: [0mGET / [36m304[0m 37.766 ms - -[0m
2022-12-14 16:18:45 info: =================================
2022-12-14 16:18:45 info: ======= ENV: development =======
2022-12-14 16:18:45 info: 🚀 App listening on the port 3000
2022-12-14 16:18:45 info: =================================
2022-12-14 16:18:46 info: [0mGET / [36m304[0m 35.586 ms - -[0m
2022-12-14 16:18:47 info: [0mGET / [36m304[0m 7.641 ms - -[0m
2022-12-14 16:18:50 info: [0mGET / [36m304[0m 2.909 ms - -[0m
2022-12-14 16:18:51 info: [0mGET / [36m304[0m 3.152 ms - -[0m
2022-12-14 16:18:51 info: [0mGET / [36m304[0m 2.920 ms - -[0m
2022-12-14 16:19:01 info: =================================
2022-12-14 16:19:01 info: ======= ENV: development =======
2022-12-14 16:19:01 info: 🚀 App listening on the port 3000
2022-12-14 16:19:01 info: =================================
2022-12-14 16:19:01 info: [0mGET / [36m304[0m 39.775 ms - -[0m
2022-12-14 16:19:08 info: =================================
2022-12-14 16:19:08 info: ======= ENV: development =======
2022-12-14 16:19:08 info: 🚀 App listening on the port 3000
2022-12-14 16:19:08 info: =================================
2022-12-14 16:19:09 info: [0mGET / [32m200[0m 42.540 ms - 15[0m
2022-12-14 16:20:17 info: [0mGET / [36m304[0m 13.333 ms - -[0m
2022-12-14 16:20:25 info: =================================
2022-12-14 16:20:25 info: ======= ENV: development =======
2022-12-14 16:20:25 info: 🚀 App listening on the port 3000
2022-12-14 16:20:25 info: =================================
2022-12-14 16:20:29 info: =================================
2022-12-14 16:20:29 info: ======= ENV: development =======
2022-12-14 16:20:29 info: 🚀 App listening on the port 3000
2022-12-14 16:20:29 info: =================================
2022-12-14 16:20:29 info: [0mGET / [32m200[0m 36.417 ms - 76[0m
2022-12-14 16:21:02 info: =================================
2022-12-14 16:21:02 info: ======= ENV: development =======
2022-12-14 16:21:02 info: 🚀 App listening on the port 3000
2022-12-14 16:21:02 info: =================================
2022-12-14 16:21:03 info: [0mGET / [33m404[0m 7.787 ms - 139[0m
2022-12-14 16:21:24 info: =================================
2022-12-14 16:21:24 info: ======= ENV: development =======
2022-12-14 16:21:24 info: 🚀 App listening on the port 3000
2022-12-14 16:21:24 info: =================================
2022-12-14 16:21:39 info: =================================
2022-12-14 16:21:39 info: ======= ENV: development =======
2022-12-14 16:21:39 info: 🚀 App listening on the port 3000
2022-12-14 16:21:39 info: =================================
2022-12-14 16:21:45 info: =================================
2022-12-14 16:21:45 info: ======= ENV: development =======
2022-12-14 16:21:45 info: 🚀 App listening on the port 3000
2022-12-14 16:21:45 info: =================================
2022-12-14 16:21:52 info: =================================
2022-12-14 16:21:52 info: ======= ENV: development =======
2022-12-14 16:21:52 info: 🚀 App listening on the port 3000
2022-12-14 16:21:52 info: =================================
2022-12-14 16:21:55 info: =================================
2022-12-14 16:21:55 info: ======= ENV: development =======
2022-12-14 16:21:55 info: 🚀 App listening on the port 3000
2022-12-14 16:21:55 info: =================================
2022-12-14 16:22:07 info: =================================
2022-12-14 16:22:07 info: ======= ENV: development =======
2022-12-14 16:22:07 info: 🚀 App listening on the port 3000
2022-12-14 16:22:07 info: =================================
2022-12-14 16:22:10 info: =================================
2022-12-14 16:22:10 info: ======= ENV: development =======
2022-12-14 16:22:10 info: 🚀 App listening on the port 3000
2022-12-14 16:22:10 info: =================================
2022-12-14 16:22:13 info: =================================
2022-12-14 16:22:13 info: ======= ENV: development =======
2022-12-14 16:22:13 info: 🚀 App listening on the port 3000
2022-12-14 16:22:13 info: =================================
2022-12-14 16:22:17 info: =================================
2022-12-14 16:22:17 info: ======= ENV: development =======
2022-12-14 16:22:17 info: 🚀 App listening on the port 3000
2022-12-14 16:22:17 info: =================================
2022-12-14 16:22:19 info: =================================
2022-12-14 16:22:19 info: ======= ENV: development =======
2022-12-14 16:22:19 info: 🚀 App listening on the port 3000
2022-12-14 16:22:19 info: =================================
2022-12-14 16:22:27 info: =================================
2022-12-14 16:22:27 info: ======= ENV: development =======
2022-12-14 16:22:27 info: 🚀 App listening on the port 3000
2022-12-14 16:22:27 info: =================================
2022-12-14 16:22:30 info: =================================
2022-12-14 16:22:30 info: ======= ENV: development =======
2022-12-14 16:22:30 info: 🚀 App listening on the port 3000
2022-12-14 16:22:30 info: =================================
2022-12-14 16:22:31 info: =================================
2022-12-14 16:22:31 info: ======= ENV: development =======
2022-12-14 16:22:31 info: 🚀 App listening on the port 3000
2022-12-14 16:22:31 info: =================================
2022-12-14 16:22:40 info: =================================
2022-12-14 16:22:40 info: ======= ENV: development =======
2022-12-14 16:22:40 info: 🚀 App listening on the port 3000
2022-12-14 16:22:40 info: =================================
2022-12-14 16:22:42 info: =================================
2022-12-14 16:22:42 info: ======= ENV: development =======
2022-12-14 16:22:42 info: 🚀 App listening on the port 3000
2022-12-14 16:22:42 info: =================================
2022-12-14 16:22:49 info: =================================
2022-12-14 16:22:49 info: ======= ENV: development =======
2022-12-14 16:22:49 info: 🚀 App listening on the port 3000
2022-12-14 16:22:49 info: =================================
2022-12-14 16:22:52 info: =================================
2022-12-14 16:22:52 info: ======= ENV: development =======
2022-12-14 16:22:52 info: 🚀 App listening on the port 3000
2022-12-14 16:22:52 info: =================================
2022-12-14 16:23:00 info: =================================
2022-12-14 16:23:00 info: ======= ENV: development =======
2022-12-14 16:23:00 info: 🚀 App listening on the port 3000
2022-12-14 16:23:00 info: =================================
2022-12-14 16:23:19 info: =================================
2022-12-14 16:23:19 info: ======= ENV: development =======
2022-12-14 16:23:19 info: 🚀 App listening on the port 3000
2022-12-14 16:23:19 info: =================================
2022-12-14 16:23:25 info: =================================
2022-12-14 16:23:25 info: ======= ENV: development =======
2022-12-14 16:23:25 info: 🚀 App listening on the port 3000
2022-12-14 16:23:25 info: =================================
2022-12-14 16:23:28 info: =================================
2022-12-14 16:23:28 info: ======= ENV: development =======
2022-12-14 16:23:28 info: 🚀 App listening on the port 3000
2022-12-14 16:23:28 info: =================================
2022-12-14 16:23:29 info: =================================
2022-12-14 16:23:29 info: ======= ENV: development =======
2022-12-14 16:23:29 info: 🚀 App listening on the port 3000
2022-12-14 16:23:29 info: =================================
2022-12-14 16:23:39 info: =================================
2022-12-14 16:23:39 info: ======= ENV: development =======
2022-12-14 16:23:39 info: 🚀 App listening on the port 3000
2022-12-14 16:23:39 info: =================================
2022-12-14 16:23:44 info: =================================
2022-12-14 16:23:44 info: ======= ENV: development =======
2022-12-14 16:23:44 info: 🚀 App listening on the port 3000
2022-12-14 16:23:44 info: =================================
2022-12-14 16:23:48 info: =================================
2022-12-14 16:23:48 info: ======= ENV: development =======
2022-12-14 16:23:48 info: 🚀 App listening on the port 3000
2022-12-14 16:23:48 info: =================================
2022-12-14 16:23:49 info: =================================
2022-12-14 16:23:49 info: ======= ENV: development =======
2022-12-14 16:23:49 info: 🚀 App listening on the port 3000
2022-12-14 16:23:49 info: =================================
2022-12-14 16:23:53 info: =================================
2022-12-14 16:23:53 info: ======= ENV: development =======
2022-12-14 16:23:53 info: 🚀 App listening on the port 3000
2022-12-14 16:23:53 info: =================================
2022-12-14 16:23:54 info: =================================
2022-12-14 16:23:54 info: ======= ENV: development =======
2022-12-14 16:23:54 info: 🚀 App listening on the port 3000
2022-12-14 16:23:54 info: =================================
2022-12-14 16:23:59 info: =================================
2022-12-14 16:23:59 info: ======= ENV: development =======
2022-12-14 16:23:59 info: 🚀 App listening on the port 3000
2022-12-14 16:23:59 info: =================================
2022-12-14 16:24:04 info: =================================
2022-12-14 16:24:04 info: ======= ENV: development =======
2022-12-14 16:24:04 info: 🚀 App listening on the port 3000
2022-12-14 16:24:04 info: =================================
2022-12-14 16:24:13 info: =================================
2022-12-14 16:24:13 info: ======= ENV: development =======
2022-12-14 16:24:13 info: 🚀 App listening on the port 3000
2022-12-14 16:24:13 info: =================================
2022-12-14 16:24:18 info: =================================
2022-12-14 16:24:18 info: ======= ENV: development =======
2022-12-14 16:24:18 info: 🚀 App listening on the port 3000
2022-12-14 16:24:18 info: =================================
2022-12-14 16:24:23 info: =================================
2022-12-14 16:24:23 info: ======= ENV: development =======
2022-12-14 16:24:23 info: 🚀 App listening on the port 3000
2022-12-14 16:24:23 info: =================================
2022-12-14 16:24:27 info: =================================
2022-12-14 16:24:27 info: ======= ENV: development =======
2022-12-14 16:24:27 info: 🚀 App listening on the port 3000
2022-12-14 16:24:27 info: =================================
2022-12-14 16:24:35 info: =================================
2022-12-14 16:24:35 info: ======= ENV: development =======
2022-12-14 16:24:35 info: 🚀 App listening on the port 3000
2022-12-14 16:24:35 info: =================================
2022-12-14 16:24:42 info: =================================
2022-12-14 16:24:42 info: ======= ENV: development =======
2022-12-14 16:24:42 info: 🚀 App listening on the port 3000
2022-12-14 16:24:42 info: =================================
2022-12-14 16:24:48 info: =================================
2022-12-14 16:24:48 info: ======= ENV: development =======
2022-12-14 16:24:48 info: 🚀 App listening on the port 3000
2022-12-14 16:24:48 info: =================================
2022-12-14 16:24:56 info: =================================
2022-12-14 16:24:56 info: ======= ENV: development =======
2022-12-14 16:24:56 info: 🚀 App listening on the port 3000
2022-12-14 16:24:56 info: =================================
2022-12-14 16:25:00 info: =================================
2022-12-14 16:25:00 info: ======= ENV: development =======
2022-12-14 16:25:00 info: 🚀 App listening on the port 3000
2022-12-14 16:25:00 info: =================================
2022-12-14 16:25:06 info: =================================
2022-12-14 16:25:06 info: ======= ENV: development =======
2022-12-14 16:25:06 info: 🚀 App listening on the port 3000
2022-12-14 16:25:06 info: =================================
2022-12-14 16:25:10 info: =================================
2022-12-14 16:25:10 info: ======= ENV: development =======
2022-12-14 16:25:10 info: 🚀 App listening on the port 3000
2022-12-14 16:25:10 info: =================================
2022-12-14 16:25:11 info: =================================
2022-12-14 16:25:11 info: ======= ENV: development =======
2022-12-14 16:25:11 info: 🚀 App listening on the port 3000
2022-12-14 16:25:11 info: =================================
2022-12-14 16:25:13 info: =================================
2022-12-14 16:25:13 info: ======= ENV: development =======
2022-12-14 16:25:13 info: 🚀 App listening on the port 3000
2022-12-14 16:25:13 info: =================================
2022-12-14 16:25:13 info: =================================
2022-12-14 16:25:13 info: ======= ENV: development =======
2022-12-14 16:25:13 info: 🚀 App listening on the port 3000
2022-12-14 16:25:13 info: =================================
2022-12-14 16:25:25 info: =================================
2022-12-14 16:25:25 info: ======= ENV: development =======
2022-12-14 16:25:25 info: 🚀 App listening on the port 3000
2022-12-14 16:25:25 info: =================================
2022-12-14 16:25:28 info: =================================
2022-12-14 16:25:28 info: ======= ENV: development =======
2022-12-14 16:25:28 info: 🚀 App listening on the port 3000
2022-12-14 16:25:28 info: =================================
2022-12-14 16:25:34 info: =================================
2022-12-14 16:25:34 info: ======= ENV: development =======
2022-12-14 16:25:34 info: 🚀 App listening on the port 3000
2022-12-14 16:25:34 info: =================================
2022-12-14 16:25:38 info: =================================
2022-12-14 16:25:38 info: ======= ENV: development =======
2022-12-14 16:25:38 info: 🚀 App listening on the port 3000
2022-12-14 16:25:38 info: =================================
2022-12-14 16:25:46 info: =================================
2022-12-14 16:25:46 info: ======= ENV: development =======
2022-12-14 16:25:46 info: 🚀 App listening on the port 3000
2022-12-14 16:25:46 info: =================================
2022-12-14 16:25:51 info: =================================
2022-12-14 16:25:51 info: ======= ENV: development =======
2022-12-14 16:25:51 info: 🚀 App listening on the port 3000
2022-12-14 16:25:51 info: =================================
2022-12-14 16:25:56 info: =================================
2022-12-14 16:25:56 info: ======= ENV: development =======
2022-12-14 16:25:56 info: 🚀 App listening on the port 3000
2022-12-14 16:25:56 info: =================================
2022-12-14 16:25:58 info: =================================
2022-12-14 16:25:58 info: ======= ENV: development =======
2022-12-14 16:25:58 info: 🚀 App listening on the port 3000
2022-12-14 16:25:58 info: =================================
2022-12-14 16:39:57 info: =================================
2022-12-14 16:39:57 info: ======= ENV: development =======
2022-12-14 16:39:57 info: 🚀 App listening on the port 3000
2022-12-14 16:39:57 info: =================================
2022-12-14 16:39:58 info: =================================
2022-12-14 16:39:58 info: ======= ENV: development =======
2022-12-14 16:39:58 info: 🚀 App listening on the port 3000
2022-12-14 16:39:58 info: =================================
2022-12-14 16:40:05 info: =================================
2022-12-14 16:40:05 info: ======= ENV: development =======
2022-12-14 16:40:05 info: 🚀 App listening on the port 3000
2022-12-14 16:40:05 info: =================================
2022-12-14 16:40:08 info: [0mGET /api/products [33m404[0m 7.068 ms - 151[0m
2022-12-14 16:40:41 info: =================================
2022-12-14 16:40:41 info: ======= ENV: development =======
2022-12-14 16:40:41 info: 🚀 App listening on the port 3000
2022-12-14 16:40:41 info: =================================
2022-12-14 16:40:43 info: [0mGET /api/products [32m200[0m 50.150 ms - 76[0m
2022-12-14 16:40:51 info: [0mGET /apple-touch-icon-precomposed.png [33m404[0m 3.625 ms - 171[0m
2022-12-14 16:40:51 info: [0mGET /apple-touch-icon.png [33m404[0m 1.427 ms - 159[0m
2022-12-14 16:40:51 info: [0mGET /favicon.ico [33m404[0m 1.797 ms - 150[0m
2022-12-14 16:40:51 info: [0mGET /api/products [32m200[0m 8.268 ms - 76[0m
2022-12-14 16:41:37 info: [0mPOST /api/products [32m201[0m 26.631 ms - 2[0m
2022-12-14 16:41:56 info: =================================
2022-12-14 16:41:56 info: ======= ENV: development =======
2022-12-14 16:41:56 info: 🚀 App listening on the port 3000
2022-12-14 16:41:56 info: =================================
2022-12-14 16:42:00 info: =================================
2022-12-14 16:42:00 info: ======= ENV: development =======
2022-12-14 16:42:00 info: 🚀 App listening on the port 3000
2022-12-14 16:42:00 info: =================================
2022-12-14 16:43:44 info: =================================
2022-12-14 16:43:44 info: ======= ENV: development =======
2022-12-14 16:43:44 info: 🚀 App listening on the port 3000
2022-12-14 16:43:44 info: =================================
2022-12-14 16:43:51 info: =================================
2022-12-14 16:43:51 info: ======= ENV: development =======
2022-12-14 16:43:51 info: 🚀 App listening on the port 3000
2022-12-14 16:43:51 info: =================================
2022-12-14 16:44:03 info: =================================
2022-12-14 16:44:03 info: ======= ENV: development =======
2022-12-14 16:44:03 info: 🚀 App listening on the port 3000
2022-12-14 16:44:03 info: =================================
2022-12-14 16:44:17 info: =================================
2022-12-14 16:44:17 info: ======= ENV: development =======
2022-12-14 16:44:17 info: 🚀 App listening on the port 3000
2022-12-14 16:44:17 info: =================================
2022-12-14 16:44:18 info: =================================
2022-12-14 16:44:18 info: ======= ENV: development =======
2022-12-14 16:44:18 info: 🚀 App listening on the port 3000
2022-12-14 16:44:18 info: =================================
2022-12-14 16:44:21 error: [POST] /api/products >> StatusCode:: 500, Message:: insert into "Product" ("Category", "Name", "SRate", "WQty") values ($1, $2, $3, $4) returning "Id", "Name", "WQty", "SRate", "Category" - null value in column "Id" of relation "Product" violates not-null constraint
2022-12-14 16:44:21 info: [0mPOST /api/products [31m500[0m 76.581 ms - 252[0m
2022-12-14 16:45:44 info: =================================
2022-12-14 16:45:44 info: ======= ENV: development =======
2022-12-14 16:45:44 info: 🚀 App listening on the port 3000
2022-12-14 16:45:44 info: =================================
2022-12-14 16:45:46 info: [0mPOST /api/products [32m201[0m 79.146 ms - 114[0m
2022-12-14 16:46:47 info: =================================
2022-12-14 16:46:47 info: ======= ENV: development =======
2022-12-14 16:46:47 info: 🚀 App listening on the port 3000
2022-12-14 16:46:47 info: =================================
2022-12-14 16:47:07 info: =================================
2022-12-14 16:47:07 info: ======= ENV: development =======
2022-12-14 16:47:07 info: 🚀 App listening on the port 3000
2022-12-14 16:47:07 info: =================================
2022-12-14 16:47:15 info: [0mPOST /api/products/create [32m201[0m 83.773 ms - 56[0m
2022-12-14 16:47:49 info: =================================
2022-12-14 16:47:49 info: ======= ENV: development =======
2022-12-14 16:47:49 info: 🚀 App listening on the port 3000
2022-12-14 16:47:49 info: =================================
2022-12-14 16:47:52 info: [0mPOST /api/products/create [32m201[0m 94.114 ms - 47[0m
2022-12-14 16:48:02 info: =================================
2022-12-14 16:48:02 info: ======= ENV: development =======
2022-12-14 16:48:02 info: 🚀 App listening on the port 3000
2022-12-14 16:48:02 info: =================================
2022-12-14 16:48:04 info: [0mPOST /api/products/create [32m201[0m 71.904 ms - -[0m
2022-12-14 16:48:14 info: =================================
2022-12-14 16:48:14 info: ======= ENV: development =======
2022-12-14 16:48:14 info: 🚀 App listening on the port 3000
2022-12-14 16:48:14 info: =================================
2022-12-14 16:48:19 info: [0mPOST /api/products/create [32m201[0m 78.796 ms - 47[0m
2022-12-14 16:48:43 info: =================================
2022-12-14 16:48:43 info: ======= ENV: development =======
2022-12-14 16:48:43 info: 🚀 App listening on the port 3000
2022-12-14 16:48:43 info: =================================
2022-12-14 16:48:46 info: [0mPOST /api/products/create [32m201[0m 96.841 ms - 45[0m
2022-12-14 16:48:52 info: =================================
2022-12-14 16:48:52 info: ======= ENV: development =======
2022-12-14 16:48:52 info: 🚀 App listening on the port 3000
2022-12-14 16:48:52 info: =================================
2022-12-14 16:48:57 info: =================================
2022-12-14 16:48:57 info: ======= ENV: development =======
2022-12-14 16:48:57 info: 🚀 App listening on the port 3000
2022-12-14 16:48:57 info: =================================
2022-12-14 16:48:58 info: =================================
2022-12-14 16:48:58 info: ======= ENV: development =======
2022-12-14 16:48:58 info: 🚀 App listening on the port 3000
2022-12-14 16:48:58 info: =================================
2022-12-14 16:49:04 info: [0mPOST /api/products/create [32m201[0m 37.478 ms - 45[0m
2022-12-14 17:01:43 info: =================================
2022-12-14 17:01:43 info: ======= ENV: development =======
2022-12-14 17:01:43 info: 🚀 App listening on the port 3000
2022-12-14 17:01:43 info: =================================
2022-12-14 17:01:51 info: [0mPOST /api/products/create [32m201[0m 66.352 ms - 45[0m
2022-12-14 17:01:51 info: [0mGET /_next/webpack-hmr [33m404[0m 7.582 ms - 156[0m
2022-12-14 17:01:55 info: [0mGET / [33m404[0m 1.675 ms - 139[0m
2022-12-14 17:02:06 info: [0mGET / [33m404[0m 5.375 ms - 139[0m
2022-12-14 17:10:10 info: =================================
2022-12-14 17:10:10 info: ======= ENV: development =======
2022-12-14 17:10:10 info: 🚀 App listening on the port 3000
2022-12-14 17:10:10 info: =================================
2022-12-14 17:10:18 info: [0mGET /api/products [32m200[0m 65.782 ms - 114[0m
2022-12-14 17:10:18 info: [0mGET /api/products [36m304[0m 2.988 ms - -[0m
2022-12-14 17:11:13 info: [0mGET /api/products [36m304[0m 5.411 ms - -[0m
2022-12-14 17:11:14 info: [0mGET /api/products [36m304[0m 2.466 ms - -[0m
2022-12-14 17:11:15 info: [0mGET /api/products [36m304[0m 1.991 ms - -[0m
2022-12-14 17:11:24 info: [0mGET /api/products [36m304[0m 3.535 ms - -[0m
2022-12-14 17:11:38 info: [0mGET /api/products [36m304[0m 10.171 ms - -[0m
2022-12-14 17:11:39 info: [0mGET /api/products [36m304[0m 1.412 ms - -[0m
2022-12-14 17:11:44 info: [0mGET /api/products [36m304[0m 4.199 ms - -[0m
2022-12-14 17:11:48 info: [0mGET /api/products [36m304[0m 7.388 ms - -[0m
2022-12-14 17:12:38 info: [0mGET /api/products [36m304[0m 15.538 ms - -[0m
2022-12-14 17:12:38 info: [0mGET /api/products [36m304[0m 3.254 ms - -[0m
2022-12-14 17:12:47 info: [0mGET /api/products [36m304[0m 14.706 ms - -[0m
2022-12-14 17:13:14 info: [0mGET /api/products [36m304[0m 3.564 ms - -[0m
2022-12-14 17:13:14 info: [0mGET /api/products [36m304[0m 2.808 ms - -[0m
2022-12-14 17:13:15 info: [0mGET /api/products [36m304[0m 2.478 ms - -[0m
2022-12-14 17:13:15 info: [0mGET /api/products [36m304[0m 1.867 ms - -[0m
2022-12-14 17:13:25 info: [0mGET /api/products [36m304[0m 3.377 ms - -[0m
2022-12-14 17:14:04 info: [0mGET /api/products [36m304[0m 3.495 ms - -[0m
2022-12-14 17:14:22 info: [0mGET /api/products [36m304[0m 18.352 ms - -[0m
2022-12-14 17:14:48 info: [0mGET /api/products [36m304[0m 5.531 ms - -[0m
2022-12-14 17:14:55 info: [0mGET /api/products [36m304[0m 4.614 ms - -[0m
2022-12-14 17:15:02 info: [0mGET /api/products [36m304[0m 2.979 ms - -[0m
2022-12-14 17:15:10 info: [0mGET /api/products [36m304[0m 3.866 ms - -[0m
2022-12-14 17:15:19 info: [0mGET /api/products [36m304[0m 5.287 ms - -[0m
2022-12-14 17:15:26 info: [0mGET /api/products [36m304[0m 3.649 ms - -[0m
2022-12-14 17:15:33 info: [0mGET /api/products [36m304[0m 12.836 ms - -[0m
2022-12-14 17:16:22 info: [0mGET /api/products [36m304[0m 4.610 ms - -[0m
2022-12-14 17:16:27 info: [0mGET /api/products [36m304[0m 2.930 ms - -[0m
2022-12-14 17:17:08 info: [0mGET /api/products [36m304[0m 8.068 ms - -[0m
2022-12-14 17:17:08 info: [0mGET /api/products [36m304[0m 1.475 ms - -[0m
2022-12-14 17:18:01 info: [0mGET /api/products [36m304[0m 17.774 ms - -[0m
2022-12-14 17:18:01 info: [0mGET /api/products [36m304[0m 1.257 ms - -[0m
2022-12-14 17:18:26 info: [0mGET /api/products [36m304[0m 3.146 ms - -[0m
2022-12-14 17:18:26 info: [0mGET /api/products [36m304[0m 1.291 ms - -[0m
2022-12-14 17:22:49 info: [0mGET /api/products [36m304[0m 32.824 ms - -[0m
2022-12-14 17:22:49 info: [0mGET /api/products [36m304[0m 2.039 ms - -[0m
2022-12-14 17:22:52 info: [0mGET /api/products [36m304[0m 1.422 ms - -[0m
2022-12-14 17:22:52 info: [0mGET /api/products [36m304[0m 3.377 ms - -[0m
2022-12-14 17:23:36 info: [0mGET /api/products [36m304[0m 2.939 ms - -[0m
2022-12-14 17:24:05 info: [0mGET /api/products [36m304[0m 3.527 ms - -[0m
2022-12-14 17:24:06 info: [0mGET /api/products [36m304[0m 1.165 ms - -[0m
2022-12-14 17:24:13 info: [0mGET /api/products [36m304[0m 3.678 ms - -[0m
2022-12-14 17:24:17 info: [0mGET /api/products [36m304[0m 2.435 ms - -[0m
2022-12-14 17:24:20 info: [0mGET /api/products [36m304[0m 5.631 ms - -[0m
2022-12-14 17:24:28 info: [0mGET /api/products [36m304[0m 3.044 ms - -[0m
2022-12-14 17:24:44 info: [0mGET /api/products [36m304[0m 3.658 ms - -[0m
2022-12-14 17:24:51 info: [0mGET /api/products [36m304[0m 4.885 ms - -[0m
2022-12-14 17:24:58 info: [0mGET /api/products [36m304[0m 8.812 ms - -[0m
2022-12-14 17:25:01 info: [0mGET /api/products [36m304[0m 1.358 ms - -[0m
2022-12-14 17:25:07 info: [0mGET /api/products [36m304[0m 2.651 ms - -[0m
2022-12-14 17:25:20 info: [0mGET /api/products [36m304[0m 3.286 ms - -[0m
2022-12-14 17:55:35 info: [0mOPTIONS /api/products/create [32m204[0m 2.328 ms - 0[0m
2022-12-14 17:55:35 error: [POST] /api/products/create >> StatusCode:: 400, Message:: WQty must be a number conforming to the specified constraints, SRate must be a number conforming to the specified constraints
2022-12-14 17:55:35 info: [0mPOST /api/products/create [33m400[0m 58.699 ms - 139[0m
2022-12-14 17:58:35 info: [0mOPTIONS /api/products/create [32m204[0m 0.931 ms - 0[0m
2022-12-14 17:58:35 info: [0mPOST /api/products/create [32m201[0m 51.726 ms - 45[0m
2022-12-14 18:07:54 info: [0mOPTIONS /api/products/create [32m204[0m 1.105 ms - 0[0m
2022-12-14 18:07:54 info: [0mPOST /api/products/create [32m201[0m 11.921 ms - 45[0m
2022-12-14 18:07:57 info: [0mGET /api/products [32m200[0m 6.095 ms - 325[0m
2022-12-14 18:07:57 info: [0mGET /api/products [36m304[0m 0.982 ms - -[0m
2022-12-14 18:09:08 info: [0mGET /api/products [36m304[0m 6.245 ms - -[0m
2022-12-14 18:09:08 info: [0mGET /api/products [36m304[0m 7.818 ms - -[0m
2022-12-14 18:09:08 info: [0mGET /api/products [36m304[0m 1.377 ms - -[0m
2022-12-14 18:09:14 info: [0mGET /api/products [36m304[0m 4.499 ms - -[0m
2022-12-14 18:09:22 info: [0mGET /api/products [36m304[0m 18.442 ms - -[0m
2022-12-14 18:09:30 info: [0mGET /api/products [36m304[0m 10.146 ms - -[0m
2022-12-14 18:09:41 info: [0mGET /api/products [36m304[0m 10.236 ms - -[0m
2022-12-14 18:09:57 info: [0mGET /api/products [36m304[0m 10.798 ms - -[0m
2022-12-14 18:10:32 info: [0mGET /api/products [36m304[0m 4.170 ms - -[0m
2022-12-14 18:12:02 info: [0mOPTIONS /api/products/create [32m204[0m 1.327 ms - 0[0m
2022-12-14 18:12:02 info: [0mPOST /api/products/create [32m201[0m 17.268 ms - 45[0m
2022-12-14 18:12:08 info: [0mOPTIONS /api/products/create [32m204[0m 0.244 ms - 0[0m
2022-12-14 18:12:08 error: [POST] /api/products/create >> StatusCode:: 400, Message:: WQty must be a number conforming to the specified constraints
2022-12-14 18:12:08 info: [0mPOST /api/products/create [33m400[0m 3.514 ms - 75[0m
2022-12-14 18:13:36 info: [0mOPTIONS /api/products/create [32m204[0m 0.981 ms - 0[0m
2022-12-14 18:13:36 error: [POST] /api/products/create >> StatusCode:: 400, Message:: WQty must be a number conforming to the specified constraints
2022-12-14 18:13:36 info: [0mPOST /api/products/create [33m400[0m 7.755 ms - 75[0m
2022-12-14 18:14:00 info: [0mOPTIONS /api/products/create [32m204[0m 0.659 ms - 0[0m
2022-12-14 18:14:00 error: [POST] /api/products/create >> StatusCode:: 400, Message:: WQty must be a number conforming to the specified constraints
2022-12-14 18:14:00 info: [0mPOST /api/products/create [33m400[0m 7.264 ms - 75[0m
2022-12-14 18:14:49 info: [0mOPTIONS /api/products/create [32m204[0m 0.557 ms - 0[0m
2022-12-14 18:14:49 info: [0mPOST /api/products/create [32m201[0m 5.992 ms - 45[0m
2022-12-14 18:14:51 info: [0mGET /api/products [32m200[0m 2.031 ms - 530[0m
2022-12-14 18:14:51 info: [0mGET /api/products [36m304[0m 1.238 ms - -[0m
2022-12-14 18:14:53 info: [0mGET /api/products [36m304[0m 2.139 ms - -[0m
2022-12-14 18:14:53 info: [0mGET /api/products [36m304[0m 1.451 ms - -[0m
2022-12-14 18:15:25 info: [0mGET /api/products [36m304[0m 6.361 ms - -[0m
2022-12-14 18:15:28 info: [0mGET /api/products [36m304[0m 2.063 ms - -[0m
2022-12-14 18:15:28 info: [0mGET /api/products [36m304[0m 2.446 ms - -[0m
2022-12-14 18:15:37 info: [0mOPTIONS /api/products/create [32m204[0m 0.356 ms - 0[0m
2022-12-14 18:15:37 info: [0mPOST /api/products/create [32m201[0m 12.747 ms - 45[0m
2022-12-14 18:15:42 info: [0mGET /api/products [32m200[0m 2.427 ms - 644[0m
2022-12-14 18:15:42 info: [0mGET /api/products [36m304[0m 2.281 ms - -[0m
2022-12-14 18:16:08 info: [0mGET /api/products [32m200[0m 8.580 ms - 644[0m
2022-12-14 18:16:21 info: [0mPOST /api/products/create [32m201[0m 4.111 ms - 45[0m
2022-12-14 18:17:14 info: =================================
2022-12-14 18:17:14 info: ======= ENV: development =======
2022-12-14 18:17:14 info: 🚀 App listening on the port 3000
2022-12-14 18:17:14 info: =================================
2022-12-14 18:19:16 error: [GET] /api/products >> StatusCode:: 500, Message:: Knex: Timeout acquiring a connection. The pool is probably full. Are you missing a .transacting(trx) call?
2022-12-14 18:19:16 info: [0mGET /api/products [31m500[0m 30031.431 ms - 120[0m
2022-12-14 18:21:20 info: [0mGET /api/products/create [33m404[0m 27.592 ms - 158[0m
2022-12-14 18:21:40 error: [POST] /api/products/create >> StatusCode:: 400, Message:: property Id should not exist
2022-12-14 18:21:40 info: [0mPOST /api/products/create [33m400[0m 23.941 ms - 42[0m
2022-12-14 18:21:43 error: [POST] /api/products/create >> StatusCode:: 400, Message:: property Id should not exist
2022-12-14 18:21:43 info: [0mPOST /api/products/create [33m400[0m 3.714 ms - 42[0m
2022-12-14 18:01:50 info: =================================
2022-12-14 18:01:50 info: ======= ENV: development =======
2022-12-14 18:01:50 info: 🚀 App listening on the port 3000
2022-12-14 18:01:50 info: =================================
2022-12-14 18:02:00 info: [0mGET / [33m404[0m 3.528 ms - 139[0m
2022-12-14 18:02:09 error: [GET] /api/products >> StatusCode:: 500, Message:: connect ECONNREFUSED ::1:3306
2022-12-14 18:02:09 info: [0mGET /api/products [31m500[0m 73.290 ms - 43[0m
2022-12-14 18:02:09 info: [0mGET /favicon.ico [33m404[0m 0.526 ms - 150[0m
2022-12-14 18:08:00 info: =================================
2022-12-14 18:08:00 info: ======= ENV: development =======
2022-12-14 18:08:00 info: 🚀 App listening on the port 3000
2022-12-14 18:08:00 info: =================================
2022-12-14 18:08:12 error: [GET] /api/products >> StatusCode:: 500, Message:: connect ECONNREFUSED ::1:3306
2022-12-14 18:08:12 info: [0mGET /api/products [31m500[0m 49.268 ms - 43[0m
2022-12-14 18:11:08 info: =================================
2022-12-14 18:11:08 info: ======= ENV: development =======
2022-12-14 18:11:08 info: 🚀 App listening on the port 3000
2022-12-14 18:11:08 info: =================================
2022-12-14 18:11:15 error: [GET] /api/products >> StatusCode:: 500, Message:: connect ECONNREFUSED ::1:3306
2022-12-14 18:11:15 info: [0mGET /api/products [31m500[0m 63.204 ms - 43[0m
2022-12-14 18:12:43 error: [GET] /api/products >> StatusCode:: 500, Message:: connect ECONNREFUSED ::1:3306
2022-12-14 18:12:43 info: [0mGET /api/products [31m500[0m 13.098 ms - 43[0m
2022-12-14 18:14:16 error: [GET] /api/products >> StatusCode:: 500, Message:: connect ECONNREFUSED ::1:3306
2022-12-14 18:14:16 info: [0mGET /api/products [31m500[0m 5.024 ms - 43[0m
2022-12-14 18:14:41 error: [GET] /api/products >> StatusCode:: 500, Message:: connect ECONNREFUSED ::1:3306
2022-12-14 18:14:41 info: [0mGET /api/products [31m500[0m 10.373 ms - 43[0m
2022-12-14 18:23:20 info: =================================
2022-12-14 18:23:20 info: ======= ENV: development =======
2022-12-14 18:23:20 info: 🚀 App listening on the port 3000
2022-12-14 18:23:20 info: =================================
2022-12-14 18:23:32 error: [GET] /api/products >> StatusCode:: 500, Message:: connect ECONNREFUSED ::1:3306
2022-12-14 18:23:32 info: [0mGET /api/products [31m500[0m 47.679 ms - 43[0m
2022-12-14 18:23:33 info: [0mGET /favicon.ico [33m404[0m 5.850 ms - 150[0m
2022-12-14 18:25:02 info: =================================
2022-12-14 18:25:02 info: ======= ENV: development =======
2022-12-14 18:25:02 info: 🚀 App listening on the port 3000
2022-12-14 18:25:02 info: =================================
2022-12-14 18:25:05 error: [GET] /api/products >> StatusCode:: 500, Message:: connect ECONNREFUSED ::1:3306
2022-12-14 18:25:05 info: [0mGET /api/products [31m500[0m 68.018 ms - 43[0m
